<?xml version="1.0" encoding="UTF-8"?>
<!-- Generated by org.testng.reporters.JUnitXMLReporter -->
<testsuite ignored="0" hostname="Anushas-MacBook-Pro.local" failures="0" tests="3" name="Submit Order Test" time="23.869" errors="0" timestamp="2024-07-02T12:43:16 AEST">
  <testcase classname="Anushacompany.tests.submitorderTest" name="submitorder" time="3.431"/>
  <testcase classname="Anushacompany.tests.submitorderTest" name="submitorder" time="3.287"/>
  <testcase classname="Anushacompany.tests.submitorderTest" name="OrderCheckingTest" time="0.796"/>
</testsuite> <!-- Submit Order Test -->
