<?xml version="1.0" encoding="UTF-8"?>
<!-- Generated by org.testng.reporters.JUnitXMLReporter -->
<testsuite ignored="0" hostname="Anushas-MacBook-Pro.local" failures="0" tests="2" name="Error Validations Test" time="27.521" errors="0" timestamp="2024-07-03T16:30:03 AEST">
  <testcase classname="Anushacompany.tests.ErrorsubmitorderTest" name="LoginErrorValidations" time="1.177"/>
  <testcase classname="Anushacompany.tests.ErrorsubmitorderTest" name="productErrorValidation" time="12.447"/>
</testsuite> <!-- Error Validations Test -->
