<?xml version="1.0" encoding="UTF-8"?>
<!-- Generated by org.testng.reporters.JUnitXMLReporter -->
<testsuite ignored="0" hostname="Anushas-MacBook-Pro.local" failures="0" tests="3" name="Submit Order Test" time="27.796" errors="0" timestamp="2024-07-03T16:30:03 AEST">
  <testcase classname="Anushacompany.tests.submitorderTest" name="submitorder" time="3.844"/>
  <testcase classname="Anushacompany.tests.submitorderTest" name="submitorder" time="3.783"/>
  <testcase classname="Anushacompany.tests.submitorderTest" name="OrderCheckingTest" time="1.009"/>
</testsuite> <!-- Submit Order Test -->
