<?xml version="1.0" encoding="UTF-8"?>
<testng-results ignored="0" total="5" passed="5" failed="0" skipped="0">
  <reporter-output>
  </reporter-output>
  <suite started-at="2024-07-03T16:29:35 AEST" name="Suite" finished-at="2024-07-03T16:30:03 AEST" duration-ms="27796">
    <groups>
      <group name="ErrorHandling">
        <method signature="ErrorsubmitorderTest.LoginErrorValidations()[pri:0, instance:Anushacompany.tests.ErrorsubmitorderTest@5f8e8a9d]" name="LoginErrorValidations" class="Anushacompany.tests.ErrorsubmitorderTest"/>
      </group> <!-- ErrorHandling -->
      <group name="Purchase">
        <method signature="submitorderTest.submitorder(java.util.HashMap)[pri:0, instance:Anushacompany.tests.submitorderTest@196a42c3]" name="submitorder" class="Anushacompany.tests.submitorderTest"/>
      </group> <!-- Purchase -->
    </groups>
    <test started-at="2024-07-03T16:29:35 AEST" name="Error Validations Test" finished-at="2024-07-03T16:30:03 AEST" duration-ms="27521">
      <class name="Anushacompany.tests.ErrorsubmitorderTest">
        <test-method is-config="true" signature="launchApplication()[pri:0, instance:Anushacompany.tests.ErrorsubmitorderTest@5f8e8a9d]" started-at="2024-07-03T16:29:35 AEST" name="launchApplication" finished-at="2024-07-03T16:29:43 AEST" duration-ms="7642" status="PASS">
          <reporter-output>
          </reporter-output>
        </test-method> <!-- launchApplication -->
        <test-method signature="LoginErrorValidations()[pri:0, instance:Anushacompany.tests.ErrorsubmitorderTest@5f8e8a9d]" started-at="2024-07-03T16:29:43 AEST" name="LoginErrorValidations" finished-at="2024-07-03T16:29:44 AEST" duration-ms="1177" status="PASS">
          <reporter-output>
          </reporter-output>
        </test-method> <!-- LoginErrorValidations -->
        <test-method is-config="true" signature="closeBrowser()[pri:0, instance:Anushacompany.tests.ErrorsubmitorderTest@5f8e8a9d]" started-at="2024-07-03T16:29:44 AEST" name="closeBrowser" finished-at="2024-07-03T16:29:45 AEST" duration-ms="279" status="PASS">
          <reporter-output>
          </reporter-output>
        </test-method> <!-- closeBrowser -->
        <test-method is-config="true" signature="launchApplication()[pri:0, instance:Anushacompany.tests.ErrorsubmitorderTest@5f8e8a9d]" started-at="2024-07-03T16:29:45 AEST" name="launchApplication" finished-at="2024-07-03T16:29:50 AEST" duration-ms="5588" status="PASS">
          <reporter-output>
          </reporter-output>
        </test-method> <!-- launchApplication -->
        <test-method signature="productErrorValidation()[pri:0, instance:Anushacompany.tests.ErrorsubmitorderTest@5f8e8a9d]" started-at="2024-07-03T16:29:50 AEST" name="productErrorValidation" finished-at="2024-07-03T16:30:03 AEST" duration-ms="12447" status="PASS">
          <reporter-output>
          </reporter-output>
        </test-method> <!-- productErrorValidation -->
        <test-method is-config="true" signature="closeBrowser()[pri:0, instance:Anushacompany.tests.ErrorsubmitorderTest@5f8e8a9d]" started-at="2024-07-03T16:30:03 AEST" name="closeBrowser" finished-at="2024-07-03T16:30:03 AEST" duration-ms="346" status="PASS">
          <reporter-output>
          </reporter-output>
        </test-method> <!-- closeBrowser -->
      </class> <!-- Anushacompany.tests.ErrorsubmitorderTest -->
    </test> <!-- Error Validations Test -->
    <test started-at="2024-07-03T16:29:35 AEST" name="Submit Order Test" finished-at="2024-07-03T16:30:03 AEST" duration-ms="27796">
      <class name="Anushacompany.tests.submitorderTest">
        <test-method is-config="true" signature="launchApplication()[pri:0, instance:Anushacompany.tests.submitorderTest@196a42c3]" started-at="2024-07-03T16:29:36 AEST" name="launchApplication" finished-at="2024-07-03T16:29:42 AEST" duration-ms="6736" status="PASS">
          <reporter-output>
          </reporter-output>
        </test-method> <!-- launchApplication -->
        <test-method signature="submitorder(java.util.HashMap)[pri:0, instance:Anushacompany.tests.submitorderTest@196a42c3]" started-at="2024-07-03T16:29:42 AEST" name="submitorder" data-provider="getData" finished-at="2024-07-03T16:29:46 AEST" duration-ms="3844" status="PASS">
          <params>
            <param index="0">
              <value>
                <![CDATA[{password=Santhosh14$Nikki, product=ZARA COAT 3, email=anushac30@gmail.com}]]>
              </value>
            </param>
          </params>
          <reporter-output>
          </reporter-output>
        </test-method> <!-- submitorder -->
        <test-method is-config="true" signature="closeBrowser()[pri:0, instance:Anushacompany.tests.submitorderTest@196a42c3]" started-at="2024-07-03T16:29:46 AEST" name="closeBrowser" finished-at="2024-07-03T16:29:47 AEST" duration-ms="350" status="PASS">
          <reporter-output>
          </reporter-output>
        </test-method> <!-- closeBrowser -->
        <test-method is-config="true" signature="launchApplication()[pri:0, instance:Anushacompany.tests.submitorderTest@196a42c3]" started-at="2024-07-03T16:29:47 AEST" name="launchApplication" finished-at="2024-07-03T16:29:52 AEST" duration-ms="5382" status="PASS">
          <reporter-output>
          </reporter-output>
        </test-method> <!-- launchApplication -->
        <test-method signature="submitorder(java.util.HashMap)[pri:0, instance:Anushacompany.tests.submitorderTest@196a42c3]" started-at="2024-07-03T16:29:52 AEST" name="submitorder" data-provider="getData" finished-at="2024-07-03T16:29:56 AEST" duration-ms="3783" status="PASS">
          <params>
            <param index="0">
              <value>
                <![CDATA[{password=Nikhilesh5$, product=ADIDAS ORIGINAL, email=anubb@gmail.com}]]>
              </value>
            </param>
          </params>
          <reporter-output>
          </reporter-output>
        </test-method> <!-- submitorder -->
        <test-method is-config="true" signature="closeBrowser()[pri:0, instance:Anushacompany.tests.submitorderTest@196a42c3]" started-at="2024-07-03T16:29:56 AEST" name="closeBrowser" finished-at="2024-07-03T16:29:56 AEST" duration-ms="181" status="PASS">
          <reporter-output>
          </reporter-output>
        </test-method> <!-- closeBrowser -->
        <test-method is-config="true" signature="launchApplication()[pri:0, instance:Anushacompany.tests.submitorderTest@196a42c3]" started-at="2024-07-03T16:29:56 AEST" name="launchApplication" finished-at="2024-07-03T16:30:02 AEST" duration-ms="6120" status="PASS">
          <reporter-output>
          </reporter-output>
        </test-method> <!-- launchApplication -->
        <test-method signature="OrderCheckingTest()[pri:0, instance:Anushacompany.tests.submitorderTest@196a42c3]" started-at="2024-07-03T16:30:02 AEST" name="OrderCheckingTest" finished-at="2024-07-03T16:30:03 AEST" depends-on-methods="Anushacompany.tests.submitorderTest.submitorder" duration-ms="1009" status="PASS">
          <reporter-output>
          </reporter-output>
        </test-method> <!-- OrderCheckingTest -->
        <test-method is-config="true" signature="closeBrowser()[pri:0, instance:Anushacompany.tests.submitorderTest@196a42c3]" started-at="2024-07-03T16:30:03 AEST" name="closeBrowser" finished-at="2024-07-03T16:30:03 AEST" duration-ms="142" status="PASS">
          <reporter-output>
          </reporter-output>
        </test-method> <!-- closeBrowser -->
      </class> <!-- Anushacompany.tests.submitorderTest -->
    </test> <!-- Submit Order Test -->
  </suite> <!-- Suite -->
</testng-results>
